[2026-05-12 23:27:52] [ERROR] ❌ TEST FAILED: TC008 - Remove product from cart @regression @cart | Error: TimeoutError: locator.click: Timeout 15000ms exceeded.
Call log:
[2m  - waiting for locator('a[onclick=\'addToCart()\']')[22m

[2026-05-12 23:28:41] [ERROR] ❌ TEST FAILED: TC008 - Remove product from cart @regression @cart | Error: TimeoutError: locator.click: Timeout 15000ms exceeded.
Call log:
[2m  - waiting for locator('a[onclick=\'addToCart()\']')[22m

[2026-05-12 23:29:29] [ERROR] ❌ TEST FAILED: TC009 - Verify cart total price @regression @cart | Error: TimeoutError: locator.click: Timeout 15000ms exceeded.
Call log:
[2m  - waiting for locator('a[onclick=\'addToCart()\']')[22m

[2026-05-12 23:30:18] [ERROR] ❌ TEST FAILED: TC009 - Verify cart total price @regression @cart | Error: TimeoutError: locator.click: Timeout 15000ms exceeded.
Call log:
[2m  - waiting for locator('a[onclick=\'addToCart()\']')[22m

[2026-05-12 23:31:03] [ERROR] ❌ TEST FAILED: TC009a - Verify cart displays correct product names @regression @cart | Error: TimeoutError: locator.click: Timeout 15000ms exceeded.
Call log:
[2m  - waiting for locator('a[onclick=\'addToCart()\']')[22m

[2026-05-12 23:31:53] [ERROR] ❌ TEST FAILED: TC009a - Verify cart displays correct product names @regression @cart | Error: TimeoutError: locator.click: Timeout 15000ms exceeded.
Call log:
[2m  - waiting for locator('a[onclick=\'addToCart()\']')[22m

[2026-05-12 23:33:16] [ERROR] ❌ TEST FAILED: TC014 - Verify navigation menu links @regression @e2e | Error: Error: [2mexpect([22m[31mreceived[39m[2m).[22mtoBeTruthy[2m()[22m

Received: [31mfalse[39m
[2026-05-12 23:33:22] [ERROR] ❌ TEST FAILED: TC014 - Verify navigation menu links @regression @e2e | Error: Error: [2mexpect([22m[31mreceived[39m[2m).[22mtoBeTruthy[2m()[22m

Received: [31mfalse[39m
[2026-05-12 23:33:27] [ERROR] ❌ TEST FAILED: TC016 - Validate no broken links on homepage @regression @e2e | Error: Error: locator.isVisible: Error: strict mode violation: locator('a[href="index.html"]') resolved to 2 elements:
    1) <a id="nava" href="index.html" class="navbar-brand">…</a> aka getByRole('link', { name: 'PRODUCT STORE' })
    2) <a class="nav-link" href="index.html">…</a> aka getByRole('link', { name: 'Home (current)' })

Call log:
[2m    - checking visibility of locator('a[href="index.html"]')[22m

[2026-05-12 23:33:31] [ERROR] ❌ TEST FAILED: TC016 - Validate no broken links on homepage @regression @e2e | Error: Error: locator.isVisible: Error: strict mode violation: locator('a[href="index.html"]') resolved to 2 elements:
    1) <a id="nava" href="index.html" class="navbar-brand">…</a> aka getByRole('link', { name: 'PRODUCT STORE' })
    2) <a class="nav-link" href="index.html">…</a> aka getByRole('link', { name: 'Home (current)' })

Call log:
[2m    - checking visibility of locator('a[href="index.html"]')[22m

[2026-05-12 23:33:46] [ERROR] ❌ TEST FAILED: TC018 - Cross browser homepage validation @smoke @e2e | Error: Error: [2mexpect([22m[31mreceived[39m[2m).[22mtoBeTruthy[2m()[22m

Received: [31mfalse[39m
[2026-05-12 23:33:51] [ERROR] ❌ TEST FAILED: TC018 - Cross browser homepage validation @smoke @e2e | Error: Error: [2mexpect([22m[31mreceived[39m[2m).[22mtoBeTruthy[2m()[22m

Received: [31mfalse[39m
[2026-05-12 23:34:21] [ERROR] ❌ TEST FAILED: TC020 - Complete E2E purchase flow - login, add product, checkout @smoke @e2e | Error: TimeoutError: locator.click: Timeout 15000ms exceeded.
Call log:
[2m  - waiting for locator('a[onclick=\'addToCart()\']')[22m

[2026-05-12 23:35:04] [ERROR] ❌ TEST FAILED: TC020 - Complete E2E purchase flow - login, add product, checkout @smoke @e2e | Error: TimeoutError: locator.click: Timeout 15000ms exceeded.
Call log:
[2m  - waiting for locator('a[onclick=\'addToCart()\']')[22m

[2026-05-12 23:36:01] [ERROR] ❌ TEST FAILED: TC008 - Remove product from cart @regression @cart | Error: [31mTest timeout of 30000ms exceeded.[39m
[2026-05-12 23:39:11] [ERROR] ❌ TEST FAILED: TC014 - Verify navigation menu links @regression @e2e | Error: Error: [2mexpect([22m[31mreceived[39m[2m).[22mtoBeTruthy[2m()[22m

Received: [31mfalse[39m
[2026-05-12 23:39:17] [ERROR] ❌ TEST FAILED: TC014 - Verify navigation menu links @regression @e2e | Error: Error: [2mexpect([22m[31mreceived[39m[2m).[22mtoBeTruthy[2m()[22m

Received: [31mfalse[39m
[2026-05-12 23:39:21] [ERROR] ❌ TEST FAILED: TC016 - Validate no broken links on homepage @regression @e2e | Error: Error: locator.isVisible: Error: strict mode violation: locator('a[href="index.html"]') resolved to 2 elements:
    1) <a id="nava" href="index.html" class="navbar-brand">…</a> aka getByRole('link', { name: 'PRODUCT STORE' })
    2) <a class="nav-link" href="index.html">…</a> aka getByRole('link', { name: 'Home (current)' })

Call log:
[2m    - checking visibility of locator('a[href="index.html"]')[22m

[2026-05-12 23:39:25] [ERROR] ❌ TEST FAILED: TC016 - Validate no broken links on homepage @regression @e2e | Error: Error: locator.isVisible: Error: strict mode violation: locator('a[href="index.html"]') resolved to 2 elements:
    1) <a id="nava" href="index.html" class="navbar-brand">…</a> aka getByRole('link', { name: 'PRODUCT STORE' })
    2) <a class="nav-link" href="index.html">…</a> aka getByRole('link', { name: 'Home (current)' })

Call log:
[2m    - checking visibility of locator('a[href="index.html"]')[22m

[2026-05-12 23:39:40] [ERROR] ❌ TEST FAILED: TC018 - Cross browser homepage validation @smoke @e2e | Error: Error: [2mexpect([22m[31mreceived[39m[2m).[22mtoBeTruthy[2m()[22m

Received: [31mfalse[39m
[2026-05-12 23:39:45] [ERROR] ❌ TEST FAILED: TC018 - Cross browser homepage validation @smoke @e2e | Error: Error: [2mexpect([22m[31mreceived[39m[2m).[22mtoBeTruthy[2m()[22m

Received: [31mfalse[39m
[2026-05-12 23:49:30] [ERROR] ❌ TEST FAILED: TC014 - Verify navigation menu links @regression @e2e | Error: Error: [2mexpect([22m[31mreceived[39m[2m).[22mtoBeTruthy[2m()[22m

Received: [31mfalse[39m
[2026-05-12 23:49:35] [ERROR] ❌ TEST FAILED: TC014 - Verify navigation menu links @regression @e2e | Error: Error: [2mexpect([22m[31mreceived[39m[2m).[22mtoBeTruthy[2m()[22m

Received: [31mfalse[39m
[2026-05-12 23:54:02] [ERROR] ❌ TEST FAILED: TC016 - Validate no broken links on homepage @regression @e2e | Error: Error: locator.isVisible: Error: strict mode violation: locator('a[href="index.html"]') resolved to 2 elements:
    1) <a id="nava" href="index.html" class="navbar-brand">…</a> aka getByRole('link', { name: 'PRODUCT STORE' })
    2) <a class="nav-link" href="index.html">…</a> aka getByRole('link', { name: 'Home (current)' })

Call log:
[2m    - checking visibility of locator('a[href="index.html"]')[22m

[2026-05-12 23:54:06] [ERROR] ❌ TEST FAILED: TC016 - Validate no broken links on homepage @regression @e2e | Error: Error: locator.isVisible: Error: strict mode violation: locator('a[href="index.html"]') resolved to 2 elements:
    1) <a id="nava" href="index.html" class="navbar-brand">…</a> aka getByRole('link', { name: 'PRODUCT STORE' })
    2) <a class="nav-link" href="index.html">…</a> aka getByRole('link', { name: 'Home (current)' })

Call log:
[2m    - checking visibility of locator('a[href="index.html"]')[22m

[2026-05-12 23:57:01] [ERROR] ❌ TEST FAILED: TC016 - Validate no broken links on homepage @regression @e2e | Error: Error: [2mexpect([22m[31mreceived[39m[2m).[22mtoBeTruthy[2m()[22m

Received: [31mfalse[39m
[2026-05-12 23:57:05] [ERROR] ❌ TEST FAILED: TC016 - Validate no broken links on homepage @regression @e2e | Error: Error: [2mexpect([22m[31mreceived[39m[2m).[22mtoBeTruthy[2m()[22m

Received: [31mfalse[39m
[2026-05-13 00:02:51] [ERROR] ❌ TEST FAILED: TC016 - Validate no broken links on homepage @regression @e2e | Error: Error: locator.isVisible: Error: strict mode violation: locator('a[href="index.html"]') resolved to 2 elements:
    1) <a id="nava" href="index.html" class="navbar-brand">…</a> aka getByRole('link', { name: 'PRODUCT STORE' })
    2) <a class="nav-link" href="index.html">…</a> aka getByRole('link', { name: 'Home (current)' })

Call log:
[2m    - checking visibility of locator('a[href="index.html"]')[22m

[2026-05-13 00:02:55] [ERROR] ❌ TEST FAILED: TC016 - Validate no broken links on homepage @regression @e2e | Error: Error: locator.isVisible: Error: strict mode violation: locator('a[href="index.html"]') resolved to 2 elements:
    1) <a id="nava" href="index.html" class="navbar-brand">…</a> aka getByRole('link', { name: 'PRODUCT STORE' })
    2) <a class="nav-link" href="index.html">…</a> aka getByRole('link', { name: 'Home (current)' })

Call log:
[2m    - checking visibility of locator('a[href="index.html"]')[22m

[2026-05-13 00:04:46] [ERROR] ❌ TEST FAILED: TC016 - Validate no broken links on homepage @regression @e2e | Error: ReferenceError: homePage is not defined
[2026-05-13 00:04:50] [ERROR] ❌ TEST FAILED: TC016 - Validate no broken links on homepage @regression @e2e | Error: ReferenceError: homePage is not defined
[2026-05-13 00:05:39] [ERROR] ❌ TEST FAILED: TC016 - Validate no broken links on homepage @regression @e2e | Error: ReferenceError: homePage is not defined
[2026-05-13 00:05:44] [ERROR] ❌ TEST FAILED: TC016 - Validate no broken links on homepage @regression @e2e | Error: ReferenceError: homePage is not defined
[2026-05-14 19:28:31] [ERROR] ❌ TEST FAILED: TC018 - Cross browser homepage validation @smoke @e2e | Error: Unknown error
[2026-05-14 19:28:31] [ERROR] Home page failed to load: locator.waitFor: Test ended.
Call log:
[2m  - waiting for locator('.card-block').first() to be visible[22m

[2026-05-14 19:28:59] [ERROR] ❌ TEST FAILED: TC018 - Cross browser homepage validation @smoke @e2e | Error: Unknown error
[2026-05-14 19:30:37] [ERROR] ❌ TEST FAILED: TC018 - Cross browser homepage validation @smoke @e2e | Error: Unknown error
[2026-05-14 20:55:20] [ERROR] ❌ TEST FAILED: TC020 - Complete E2E purchase flow - login, add product, checkout @smoke @e2e | Error: [31mTest timeout of 30000ms exceeded.[39m
[2026-05-15 23:44:15] [ERROR] ❌ TEST FAILED: TC020 - Complete E2E purchase flow - login, add product, checkout @smoke @e2e | Error: Error: [2mexpect([22m[31mreceived[39m[2m).[22mtoBeGreaterThan[2m([22m[32mexpected[39m[2m)[22m

Expected: > [32m0[39m
Received:   [31m0[39m
[2026-05-15 23:45:49] [ERROR] ❌ TEST FAILED: TC009 - Verify cart total price @regression @cart | Error: [31mTest timeout of 30000ms exceeded.[39m
[2026-05-15 23:46:10] [ERROR] ❌ TEST FAILED: TC020 - Complete E2E purchase flow - login, add product, checkout @smoke @e2e | Error: [31mTest timeout of 30000ms exceeded.[39m
